
> test@0.0.0 start /home/ubuntu/metahistory/analysisserver
> nodemon app.js

[33m[nodemon] 1.11.0[39m
[33m[nodemon] to restart at any time, enter `rs`[39m
[33m[nodemon] watching: *.*[39m
[32m[nodemon] starting `node app.js`[39m
events.js:141
      throw er; // Unhandled 'error' event
      ^

Error: EBADF: bad file descriptor, read
    at Error (native)

npm ERR! Linux 4.4.0-1013-aws
npm ERR! argv "/usr/bin/nodejs" "/usr/bin/npm" "start"
npm ERR! node v4.2.6
npm ERR! npm  v3.5.2
npm ERR! code ELIFECYCLE
npm ERR! test@0.0.0 start: `nodemon app.js`
npm ERR! Exit status 1
npm ERR! 
npm ERR! Failed at the test@0.0.0 start script 'nodemon app.js'.
npm ERR! Make sure you have the latest version of node.js and npm installed.
npm ERR! If you do, this is most likely a problem with the test package,
npm ERR! not with npm itself.
npm ERR! Tell the author that this fails on your system:
npm ERR!     nodemon app.js
npm ERR! You can get information on how to open an issue for this project with:
npm ERR!     npm bugs test
npm ERR! Or if that isn't available, you can get their info via:
npm ERR!     npm owner ls test
npm ERR! There is likely additional logging output above.

npm ERR! Please include the following file with any support request:
npm ERR!     /home/ubuntu/metahistory/analysisserver/routes/npm-debug.log
Express server has started on port8080
Connected
Mongoose: mpromise (mongoose's default promise library) is deprecated, plug in your own promise library instead: http://mongoosejs.com/docs/promises.html
